{
  "RSpec": {
    "coverage": {
      "/Users/Guest/Desktop/flickr-rails/app/models/user.rb": [
        1,
        null,
        null,
        1,
        null,
        1,
        null,
        null,
        null,
        null,
        null,
        null,
        null,
        1,
        null,
        1,
        null,
        1,
        null,
        null,
        null,
        null,
        null,
        1,
        null,
        null,
        null,
        null,
        null,
        1,
        null,
        1,
        null,
        1,
        null,
        1,
        24,
        1,
        null,
        null,
        null,
        1,
        1,
        1,
        1,
        0,
        0,
        0,
        null,
        null,
        null,
        null
      ],
      "/Users/Guest/Desktop/flickr-rails/app/models/application_record.rb": [
        1,
        1,
        null
      ],
      "/Users/Guest/Desktop/flickr-rails/app/controllers/application_controller.rb": [
        1,
        null,
        1,
        1,
        null,
        1,
        2,
        null,
        null,
        1,
        0,
        null,
        null,
        1,
        null,
        1,
        16,
        16,
        16,
        null,
        null
      ],
      "/Users/Guest/Desktop/flickr-rails/app/helpers/application_helper.rb": [
        1,
        null
      ],
      "/Users/Guest/Desktop/flickr-rails/app/channels/application_cable/channel.rb": [
        1,
        1,
        null,
        null
      ],
      "/Users/Guest/Desktop/flickr-rails/app/channels/application_cable/connection.rb": [
        1,
        1,
        null,
        null
      ],
      "/Users/Guest/Desktop/flickr-rails/app/controllers/home_controller.rb": [
        1,
        1,
        null,
        null
      ],
      "/Users/Guest/Desktop/flickr-rails/app/controllers/images_controller.rb": [
        1,
        1,
        null,
        1,
        5,
        5,
        null,
        null,
        1,
        3,
        3,
        null,
        null,
        1,
        2,
        2,
        2,
        1,
        null,
        1,
        null,
        null,
        null,
        1,
        0,
        0,
        null,
        null,
        1,
        0,
        0,
        0,
        null,
        null,
        1,
        0,
        0,
        null,
        null,
        1,
        0,
        0,
        0,
        0,
        0,
        null,
        0,
        null,
        null,
        null,
        1,
        1,
        2,
        null,
        null
      ],
      "/Users/Guest/Desktop/flickr-rails/app/controllers/registrations_controller.rb": [
        1,
        null,
        1,
        null,
        1,
        0,
        null,
        null
      ],
      "/Users/Guest/Desktop/flickr-rails/app/jobs/application_job.rb": [
        1,
        null
      ],
      "/Users/Guest/Desktop/flickr-rails/app/mailers/application_mailer.rb": [
        1,
        1,
        1,
        null
      ],
      "/Users/Guest/Desktop/flickr-rails/app/models/image.rb": [
        1,
        1,
        null,
        1,
        null,
        1,
        1,
        null,
        1,
        null,
        null,
        null
      ]
    },
    "timestamp": 1499372921
  }
}
